Eating...
Food remaining after I ate: 29
Eating...
Food remaining after I ate: 28
Eating...
Food remaining after I ate: 27
Eating...
Food remaining after I ate: 26
Eating...
Food remaining after I ate: 25
Eating...
Food remaining after I ate: 24
Eating...
Food remaining after I ate: 23
Eating...
Food remaining after I ate: 22
Eating...
Food remaining after I ate: 21
Creating a new cell.
Eating...
Food remaining after I ate: 20
Eating...
Food remaining after I ate: 19
Eating...
Food remaining after I ate: 18
Eating...
Food remaining after I ate: 17
Eating...
Food remaining after I ate: 16
Eating...
Food remaining after I ate: 15
Eating...
Food remaining after I ate: 14
Eating...
Food remaining after I ate: 13
Eating...
Food remaining after I ate: 12
Eating...
Food remaining after I ate: 11
Eating...
Food remaining after I ate: 10
Eating...
Food remaining after I ate: 9
Eating...
Food remaining after I ate: 8
Eating...
Food remaining after I ate: 7
Eating...
Food remaining after I ate: 6
Creating a new cell.
Eating...
Food remaining after I ate: 5
Eating...
Food remaining after I ate: 4
Eating...
Food remaining after I ate: 3
Creating a new cell.
Eating...
Food remaining after I ate: 2
Eating...
Food remaining after I ate: 1
Eating...
Food remaining after I ate: 0
I'm dying!
I'm dying!
Eating...
Food remaining after I ate: 1
Eating...
Food remaining after I ate: 0
Food after I died: 0
Food after I died: 0
I'm dying!
I'm dying!
Food after I died: 4
Food after I died: 6
